# JRE version: OpenJDK Runtime Environment (8.0_112-b06) (build 1.8.0_112-release-b06)
# Java VM: OpenJDK 64-Bit Server VM (25.112-b06 mixed mode windows-amd64 compressed oops)
Heap:
 PSYoungGen      total 484864K, used 280385K [0x00000000e0000000, 0x0000000100000000, 0x0000000100000000)
  eden space 451584K, 55% used [0x00000000e0000000,0x00000000ef5d5b18,0x00000000fb900000)
  from space 33280K, 86% used [0x00000000fdf80000,0x00000000ffb7abc0,0x0000000100000000)
  to   space 36352K, 0% used [0x00000000fb900000,0x00000000fb900000,0x00000000fdc80000)
 ParOldGen       total 130048K, used 45533K [0x00000000a0000000, 0x00000000a7f00000, 0x00000000e0000000)
  object space 130048K, 35% used [0x00000000a0000000,0x00000000a2c775e8,0x00000000a7f00000)
 Metaspace       used 78332K, capacity 82926K, committed 83072K, reserved 1122304K
  class space    used 10239K, capacity 11077K, committed 11136K, reserved 1048576K
GC Heap History (10 events):
Event: 20.180 GC heap before
{Heap before GC invocations=11 (full 2):
 PSYoungGen      total 311296K, used 109064K [0x00000000e0000000, 0x00000000f6000000, 0x0000000100000000)
  eden space 290304K, 30% used [0x00000000e0000000,0x00000000e56044a0,0x00000000f1b80000)
  from space 20992K, 99% used [0x00000000f3980000,0x00000000f4dfdec8,0x00000000f4e00000)
  to   space 30720K, 0% used [0x00000000f1b80000,0x00000000f1b80000,0x00000000f3980000)
 ParOldGen       total 84480K, used 37523K [0x00000000a0000000, 0x00000000a5280000, 0x00000000e0000000)
  object space 84480K, 44% used [0x00000000a0000000,0x00000000a24a4f00,0x00000000a5280000)
 Metaspace       used 56582K, capacity 58974K, committed 59136K, reserved 1099776K
  class space    used 7570K, capacity 8084K, committed 8192K, reserved 1048576K
Event: 20.592 GC heap after
Heap after GC invocations=11 (full 2):
 PSYoungGen      total 321024K, used 18721K [0x00000000e0000000, 0x00000000fc580000, 0x0000000100000000)
  eden space 290304K, 0% used [0x00000000e0000000,0x00000000e0000000,0x00000000f1b80000)
  from space 30720K, 60% used [0x00000000f1b80000,0x00000000f2dc8440,0x00000000f3980000)
  to   space 30720K, 0% used [0x00000000fa780000,0x00000000fa780000,0x00000000fc580000)
 ParOldGen       total 84480K, used 44291K [0x00000000a0000000, 0x00000000a5280000, 0x00000000e0000000)
  object space 84480K, 52% used [0x00000000a0000000,0x00000000a2b40ea8,0x00000000a5280000)
 Metaspace       used 56582K, capacity 58974K, committed 59136K, reserved 1099776K
  class space    used 7570K, capacity 8084K, committed 8192K, reserved 1048576K
}
Event: 20.592 GC heap before
{Heap before GC invocations=12 (full 3):
 PSYoungGen      total 321024K, used 18721K [0x00000000e0000000, 0x00000000fc580000, 0x0000000100000000)
  eden space 290304K, 0% used [0x00000000e0000000,0x00000000e0000000,0x00000000f1b80000)
  from space 30720K, 60% used [0x00000000f1b80000,0x00000000f2dc8440,0x00000000f3980000)
  to   space 30720K, 0% used [0x00000000fa780000,0x00000000fa780000,0x00000000fc580000)
 ParOldGen       total 84480K, used 44291K [0x00000000a0000000, 0x00000000a5280000, 0x00000000e0000000)
  object space 84480K, 52% used [0x00000000a0000000,0x00000000a2b40ea8,0x00000000a5280000)
 Metaspace       used 56582K, capacity 58974K, committed 59136K, reserved 1099776K
  class space    used 7570K, capacity 8084K, committed 8192K, reserved 1048576K
Event: 21.271 GC heap after
Heap after GC invocations=12 (full 3):
 PSYoungGen      total 321024K, used 0K [0x00000000e0000000, 0x00000000fc580000, 0x0000000100000000)
  eden space 290304K, 0% used [0x00000000e0000000,0x00000000e0000000,0x00000000f1b80000)
  from space 30720K, 0% used [0x00000000f1b80000,0x00000000f1b80000,0x00000000f3980000)
  to   space 30720K, 0% used [0x00000000fa780000,0x00000000fa780000,0x00000000fc580000)
 ParOldGen       total 130048K, used 45490K [0x00000000a0000000, 0x00000000a7f00000, 0x00000000e0000000)
  object space 130048K, 34% used [0x00000000a0000000,0x00000000a2c6c998,0x00000000a7f00000)
 Metaspace       used 56582K, capacity 58974K, committed 59136K, reserved 1099776K
  class space    used 7570K, capacity 8084K, committed 8192K, reserved 1048576K
}
Event: 531.327 GC heap before
{Heap before GC invocations=13 (full 3):
 PSYoungGen      total 321024K, used 290304K [0x00000000e0000000, 0x00000000fc580000, 0x0000000100000000)
  eden space 290304K, 100% used [0x00000000e0000000,0x00000000f1b80000,0x00000000f1b80000)
  from space 30720K, 0% used [0x00000000f1b80000,0x00000000f1b80000,0x00000000f3980000)
  to   space 30720K, 0% used [0x00000000fa780000,0x00000000fa780000,0x00000000fc580000)
 ParOldGen       total 130048K, used 45490K [0x00000000a0000000, 0x00000000a7f00000, 0x00000000e0000000)
  object space 130048K, 34% used [0x00000000a0000000,0x00000000a2c6c998,0x00000000a7f00000)
 Metaspace       used 63521K, capacity 66264K, committed 66432K, reserved 1105920K
  class space    used 8404K, capacity 8971K, committed 9088K, reserved 1048576K
Event: 531.354 GC heap after
Heap after GC invocations=13 (full 3):
 PSYoungGen      total 391168K, used 12789K [0x00000000e0000000, 0x00000000fb400000, 0x0000000100000000)
  eden space 378368K, 0% used [0x00000000e0000000,0x00000000e0000000,0x00000000f7180000)
  from space 12800K, 99% used [0x00000000fa780000,0x00000000fb3fd598,0x00000000fb400000)
  to   space 29696K, 0% used [0x00000000f7a00000,0x00000000f7a00000,0x00000000f9700000)
 ParOldGen       total 130048K, used 45517K [0x00000000a0000000, 0x00000000a7f00000, 0x00000000e0000000)
  object space 130048K, 35% used [0x00000000a0000000,0x00000000a2c735e8,0x00000000a7f00000)
 Metaspace       used 63521K, capacity 66264K, committed 66432K, reserved 1105920K
  class space    used 8404K, capacity 8971K, committed 9088K, reserved 1048576K
}
Event: 4786.674 GC heap before
{Heap before GC invocations=14 (full 3):
 PSYoungGen      total 391168K, used 391157K [0x00000000e0000000, 0x00000000fb400000, 0x0000000100000000)
  eden space 378368K, 100% used [0x00000000e0000000,0x00000000f7180000,0x00000000f7180000)
  from space 12800K, 99% used [0x00000000fa780000,0x00000000fb3fd598,0x00000000fb400000)
  to   space 29696K, 0% used [0x00000000f7a00000,0x00000000f7a00000,0x00000000f9700000)
 ParOldGen       total 130048K, used 45517K [0x00000000a0000000, 0x00000000a7f00000, 0x00000000e0000000)
  object space 130048K, 35% used [0x00000000a0000000,0x00000000a2c735e8,0x00000000a7f00000)
 Metaspace       used 71185K, capacity 74434K, committed 74624K, reserved 1114112K
  class space    used 9349K, capacity 9995K, committed 10112K, reserved 1048576K
Event: 4786.708 GC heap after
Heap after GC invocations=14 (full 3):
 PSYoungGen      total 416768K, used 28156K [0x00000000e0000000, 0x0000000100000000, 0x0000000100000000)
  eden space 387072K, 0% used [0x00000000e0000000,0x00000000e0000000,0x00000000f7a00000)
  from space 29696K, 94% used [0x00000000f7a00000,0x00000000f957f1f8,0x00000000f9700000)
  to   space 33280K, 0% used [0x00000000fdf80000,0x00000000fdf80000,0x0000000100000000)
 ParOldGen       total 130048K, used 45525K [0x00000000a0000000, 0x00000000a7f00000, 0x00000000e0000000)
  object space 130048K, 35% used [0x00000000a0000000,0x00000000a2c755e8,0x00000000a7f00000)
 Metaspace       used 71185K, capacity 74434K, committed 74624K, reserved 1114112K
  class space    used 9349K, capacity 9995K, committed 10112K, reserved 1048576K
}
Event: 13300.269 GC heap before
{Heap before GC invocations=15 (full 3):
 PSYoungGen      total 416768K, used 415228K [0x00000000e0000000, 0x0000000100000000, 0x0000000100000000)
  eden space 387072K, 100% used [0x00000000e0000000,0x00000000f7a00000,0x00000000f7a00000)
  from space 29696K, 94% used [0x00000000f7a00000,0x00000000f957f1f8,0x00000000f9700000)
  to   space 33280K, 0% used [0x00000000fdf80000,0x00000000fdf80000,0x0000000100000000)
 ParOldGen       total 130048K, used 45525K [0x00000000a0000000, 0x00000000a7f00000, 0x00000000e0000000)
  object space 130048K, 35% used [0x00000000a0000000,0x00000000a2c755e8,0x00000000a7f00000)
 Metaspace       used 77787K, capacity 82004K, committed 82176K, reserved 1120256K
  class space    used 10182K, capacity 10984K, committed 11008K, reserved 1048576K
Event: 13300.500 GC heap after
Heap after GC invocations=15 (full 3):
 PSYoungGen      total 484864K, used 28650K [0x00000000e0000000, 0x0000000100000000, 0x0000000100000000)
  eden space 451584K, 0% used [0x00000000e0000000,0x00000000e0000000,0x00000000fb900000)
  from space 33280K, 86% used [0x00000000fdf80000,0x00000000ffb7abc0,0x0000000100000000)
  to   space 36352K, 0% used [0x00000000fb900000,0x00000000fb900000,0x00000000fdc80000)
 ParOldGen       total 130048K, used 45533K [0x00000000a0000000, 0x00000000a7f00000, 0x00000000e0000000)
  object space 130048K, 35% used [0x00000000a0000000,0x00000000a2c775e8,0x00000000a7f00000)
 Metaspace       used 77787K, capacity 82004K, committed 82176K, reserved 1120256K
  class space    used 10182K, capacity 10984K, committed 11008K, reserved 1048576K
}

